<?xml version="1.0" encoding="UTF-8"?>
<testsuite xmlns:xsi="http://www.w3.org/2001/XMLSchema-instance" xsi:noNamespaceSchemaLocation="https://maven.apache.org/surefire/maven-surefire-plugin/xsd/surefire-test-report-3.0.xsd" version="3.0" name="src.StudentGradingTest" time="0.062" tests="12" errors="0" skipped="0" failures="0">
  <properties>
[...]
</properties>
  <testcase name="testGradeC_Normal" classname="src.StudentGradingTest" time="0.027"/>
  <testcase name="testGradeA_Normal" classname="src.StudentGradingTest" time="0.002"/>
  <testcase name="testInvalidNegative" classname="src.StudentGradingTest" time="0.001"/>
  <testcase name="testGradeD_Normal" classname="src.StudentGradingTest" time="0.0"/>
  <testcase name="testGradeB_Normal" classname="src.StudentGradingTest" time="0.0"/>
  <testcase name="testGradeE_Boundary" classname="src.StudentGradingTest" time="0.0"/>
  <testcase name="testGradeD_Boundary" classname="src.StudentGradingTest" time="0.0"/>
  <testcase name="testGradeC_Boundary" classname="src.StudentGradingTest" time="0.001"/>
  <testcase name="testGradeB_Boundary" classname="src.StudentGradingTest" time="0.001"/>
  <testcase name="testGradeE_Normal" classname="src.StudentGradingTest" time="0.001"/>
  <testcase name="testInvalidOver100" classname="src.StudentGradingTest" time="0.001"/>
  <testcase name="testGradeA_Boundary" classname="src.StudentGradingTest" time="0.001"/>
</testsuite>